==16347== Memcheck, a memory error detector
==16347== Copyright (C) 2002-2013, and GNU GPL'd, by Julian Seward et al.
==16347== Using Valgrind-3.10.0.SVN and LibVEX; rerun with -h for copyright info
==16347== Command: ./hellocmake
==16347== Parent PID: 31484
==16347== 
--16347-- 
--16347-- Valgrind options:
--16347--    --leak-check=full
--16347--    --log-file=logfile.out
--16347--    -v
--16347-- Contents of /proc/version:
--16347--   Linux version 4.4.0-31-generic (buildd@lgw01-43) (gcc version 4.8.4 (Ubuntu 4.8.4-2ubuntu1~14.04.3) ) #50~14.04.1-Ubuntu SMP Wed Jul 13 01:07:32 UTC 2016
--16347-- Arch and hwcaps: AMD64, amd64-cx16-lzcnt-rdtscp-sse3-avx-avx2-bmi
--16347-- Page sizes: currently 4096, max supported 4096
--16347-- Valgrind library directory: /usr/lib/valgrind
--16347-- Reading syms from /media/bensingh/root/home/bensingh/my/dev/design-engine/projects/cmake/hellocmake/hellocmake
--16347-- Reading syms from /lib/x86_64-linux-gnu/ld-2.19.so
--16347--   Considering /lib/x86_64-linux-gnu/ld-2.19.so ..
--16347--   .. CRC mismatch (computed 46abf574 wanted 3ca2d3ca)
--16347--   Considering /usr/lib/debug/lib/x86_64-linux-gnu/ld-2.19.so ..
--16347--   .. CRC is valid
--16347-- Reading syms from /usr/lib/valgrind/memcheck-amd64-linux
--16347--   Considering /usr/lib/valgrind/memcheck-amd64-linux ..
--16347--   .. CRC mismatch (computed 37cdde19 wanted adc367dd)
--16347--    object doesn't have a symbol table
--16347--    object doesn't have a dynamic symbol table
--16347-- Scheduler: using generic scheduler lock implementation.
--16347-- Reading suppressions file: /usr/lib/valgrind/default.supp
==16347== embedded gdbserver: reading from /tmp/vgdb-pipe-from-vgdb-to-16347-by-bensingh-on-???
==16347== embedded gdbserver: writing to   /tmp/vgdb-pipe-to-vgdb-from-16347-by-bensingh-on-???
==16347== embedded gdbserver: shared mem   /tmp/vgdb-pipe-shared-mem-vgdb-16347-by-bensingh-on-???
==16347== 
==16347== TO CONTROL THIS PROCESS USING vgdb (which you probably
==16347== don't want to do, unless you know exactly what you're doing,
==16347== or are doing some strange experiment):
==16347==   /usr/lib/valgrind/../../bin/vgdb --pid=16347 ...command...
==16347== 
==16347== TO DEBUG THIS PROCESS USING GDB: start GDB like this
==16347==   /path/to/gdb ./hellocmake
==16347== and then give GDB the following command
==16347==   target remote | /usr/lib/valgrind/../../bin/vgdb --pid=16347
==16347== --pid is optional if only one valgrind process is running
==16347== 
--16347-- REDIR: 0x4019c50 (strlen) redirected to 0x38068331 (???)
--16347-- Reading syms from /usr/lib/valgrind/vgpreload_core-amd64-linux.so
--16347--   Considering /usr/lib/valgrind/vgpreload_core-amd64-linux.so ..
--16347--   .. CRC mismatch (computed 329d6860 wanted c0186920)
--16347--    object doesn't have a symbol table
--16347-- Reading syms from /usr/lib/valgrind/vgpreload_memcheck-amd64-linux.so
--16347--   Considering /usr/lib/valgrind/vgpreload_memcheck-amd64-linux.so ..
--16347--   .. CRC mismatch (computed 1fb85af8 wanted 2e9e3c16)
--16347--    object doesn't have a symbol table
==16347== WARNING: new redirection conflicts with existing -- ignoring it
--16347--     old: 0x04019c50 (strlen              ) R-> (0000.0) 0x38068331 ???
--16347--     new: 0x04019c50 (strlen              ) R-> (2007.0) 0x04c2e1a0 strlen
--16347-- REDIR: 0x4019a00 (index) redirected to 0x4c2dd50 (index)
--16347-- REDIR: 0x4019c20 (strcmp) redirected to 0x4c2f2f0 (strcmp)
--16347-- REDIR: 0x401a970 (mempcpy) redirected to 0x4c31da0 (mempcpy)
--16347-- Reading syms from /usr/lib/x86_64-linux-gnu/libstdc++.so.6.0.22
--16347--   Considering /usr/lib/x86_64-linux-gnu/libstdc++.so.6.0.22 ..
--16347--   .. CRC mismatch (computed 259115f6 wanted bfab2dd3)
--16347--    object doesn't have a symbol table
--16347-- Reading syms from /lib/x86_64-linux-gnu/libc-2.19.so
--16347--   Considering /lib/x86_64-linux-gnu/libc-2.19.so ..
--16347--   .. CRC mismatch (computed ac9b5ddb wanted a10d05bf)
--16347--   Considering /usr/lib/debug/lib/x86_64-linux-gnu/libc-2.19.so ..
--16347--   .. CRC is valid
--16347-- Reading syms from /lib/x86_64-linux-gnu/libm-2.19.so
--16347--   Considering /lib/x86_64-linux-gnu/libm-2.19.so ..
--16347--   .. CRC mismatch (computed 08659659 wanted 7ce1b39a)
--16347--   Considering /usr/lib/debug/lib/x86_64-linux-gnu/libm-2.19.so ..
--16347--   .. CRC is valid
--16347-- Reading syms from /lib/x86_64-linux-gnu/libgcc_s.so.1
--16347--   Considering /lib/x86_64-linux-gnu/libgcc_s.so.1 ..
--16347--   .. CRC mismatch (computed 6116126e wanted 54e3f1f2)
--16347--    object doesn't have a symbol table
--16347-- REDIR: 0x51d5c50 (strcasecmp) redirected to 0x4a25720 (_vgnU_ifunc_wrapper)
--16347-- REDIR: 0x51d7f40 (strncasecmp) redirected to 0x4a25720 (_vgnU_ifunc_wrapper)
--16347-- REDIR: 0x51d5420 (memcpy@GLIBC_2.2.5) redirected to 0x4a25720 (_vgnU_ifunc_wrapper)
--16347-- REDIR: 0x51d36b0 (rindex) redirected to 0x4c2da30 (rindex)
--16347-- REDIR: 0x51cb660 (malloc) redirected to 0x4c2ab10 (malloc)
--16347-- REDIR: 0x51d19b0 (strlen) redirected to 0x4c2e0e0 (strlen)
--16347-- REDIR: 0x51d4e90 (__GI_memcmp) redirected to 0x4c30b80 (__GI_memcmp)
--16347-- REDIR: 0x51cff60 (strcmp) redirected to 0x4a25720 (_vgnU_ifunc_wrapper)
--16347-- REDIR: 0x5288e00 (__strcmp_ssse3) redirected to 0x4c2f1b0 (strcmp)
--16347-- REDIR: 0x51d4e50 (bcmp) redirected to 0x4a25720 (_vgnU_ifunc_wrapper)
--16347-- REDIR: 0x52a8c60 (__memcmp_sse4_1) redirected to 0x4c30c00 (__memcmp_sse4_1)
--16347-- REDIR: 0x51cbd00 (free) redirected to 0x4c2bd80 (free)
==16347== 
==16347== HEAP SUMMARY:
==16347==     in use at exit: 72,704 bytes in 1 blocks
==16347==   total heap usage: 1 allocs, 0 frees, 72,704 bytes allocated
==16347== 
==16347== Searching for pointers to 1 not-freed blocks
==16347== Checked 131,192 bytes
==16347== 
==16347== LEAK SUMMARY:
==16347==    definitely lost: 0 bytes in 0 blocks
==16347==    indirectly lost: 0 bytes in 0 blocks
==16347==      possibly lost: 0 bytes in 0 blocks
==16347==    still reachable: 72,704 bytes in 1 blocks
==16347==         suppressed: 0 bytes in 0 blocks
==16347== Reachable blocks (those to which a pointer was found) are not shown.
==16347== To see them, rerun with: --leak-check=full --show-leak-kinds=all
==16347== 
==16347== ERROR SUMMARY: 0 errors from 0 contexts (suppressed: 0 from 0)
==16347== ERROR SUMMARY: 0 errors from 0 contexts (suppressed: 0 from 0)
