==31538== Memcheck, a memory error detector
==31538== Copyright (C) 2002-2013, and GNU GPL'd, by Julian Seward et al.
==31538== Using Valgrind-3.10.0.SVN and LibVEX; rerun with -h for copyright info
==31538== Command: ./hellocmake
==31538== Parent PID: 31498
==31538== 
--31538-- 
--31538-- Valgrind options:
--31538--    -v
--31538--    --leak-check=full
--31538--    --show-leak-kinds=all
--31538--    --log-file=./valgrind_leakcheck.log
--31538-- Contents of /proc/version:
--31538--   Linux version 4.4.0-31-generic (buildd@lgw01-43) (gcc version 4.8.4 (Ubuntu 4.8.4-2ubuntu1~14.04.3) ) #50~14.04.1-Ubuntu SMP Wed Jul 13 01:07:32 UTC 2016
--31538-- Arch and hwcaps: AMD64, amd64-cx16-lzcnt-rdtscp-sse3-avx-avx2-bmi
--31538-- Page sizes: currently 4096, max supported 4096
--31538-- Valgrind library directory: /usr/lib/valgrind
--31538-- Reading syms from /media/bensingh/root/home/bensingh/my/dev/design-engine/projects/cmake/hellocmake/hellocmake
--31538-- Reading syms from /lib/x86_64-linux-gnu/ld-2.19.so
--31538--   Considering /lib/x86_64-linux-gnu/ld-2.19.so ..
--31538--   .. CRC mismatch (computed 46abf574 wanted 3ca2d3ca)
--31538--   Considering /usr/lib/debug/lib/x86_64-linux-gnu/ld-2.19.so ..
--31538--   .. CRC is valid
--31538-- Reading syms from /usr/lib/valgrind/memcheck-amd64-linux
--31538--   Considering /usr/lib/valgrind/memcheck-amd64-linux ..
--31538--   .. CRC mismatch (computed 37cdde19 wanted adc367dd)
--31538--    object doesn't have a symbol table
--31538--    object doesn't have a dynamic symbol table
--31538-- Scheduler: using generic scheduler lock implementation.
--31538-- Reading suppressions file: /usr/lib/valgrind/default.supp
==31538== embedded gdbserver: reading from /tmp/vgdb-pipe-from-vgdb-to-31538-by-bensingh-on-???
==31538== embedded gdbserver: writing to   /tmp/vgdb-pipe-to-vgdb-from-31538-by-bensingh-on-???
==31538== embedded gdbserver: shared mem   /tmp/vgdb-pipe-shared-mem-vgdb-31538-by-bensingh-on-???
==31538== 
==31538== TO CONTROL THIS PROCESS USING vgdb (which you probably
==31538== don't want to do, unless you know exactly what you're doing,
==31538== or are doing some strange experiment):
==31538==   /usr/lib/valgrind/../../bin/vgdb --pid=31538 ...command...
==31538== 
==31538== TO DEBUG THIS PROCESS USING GDB: start GDB like this
==31538==   /path/to/gdb ./hellocmake
==31538== and then give GDB the following command
==31538==   target remote | /usr/lib/valgrind/../../bin/vgdb --pid=31538
==31538== --pid is optional if only one valgrind process is running
==31538== 
--31538-- REDIR: 0x4019c50 (strlen) redirected to 0x38068331 (???)
--31538-- Reading syms from /usr/lib/valgrind/vgpreload_core-amd64-linux.so
--31538--   Considering /usr/lib/valgrind/vgpreload_core-amd64-linux.so ..
--31538--   .. CRC mismatch (computed 329d6860 wanted c0186920)
--31538--    object doesn't have a symbol table
--31538-- Reading syms from /usr/lib/valgrind/vgpreload_memcheck-amd64-linux.so
--31538--   Considering /usr/lib/valgrind/vgpreload_memcheck-amd64-linux.so ..
--31538--   .. CRC mismatch (computed 1fb85af8 wanted 2e9e3c16)
--31538--    object doesn't have a symbol table
==31538== WARNING: new redirection conflicts with existing -- ignoring it
--31538--     old: 0x04019c50 (strlen              ) R-> (0000.0) 0x38068331 ???
--31538--     new: 0x04019c50 (strlen              ) R-> (2007.0) 0x04c2e1a0 strlen
--31538-- REDIR: 0x4019a00 (index) redirected to 0x4c2dd50 (index)
--31538-- REDIR: 0x4019c20 (strcmp) redirected to 0x4c2f2f0 (strcmp)
--31538-- REDIR: 0x401a970 (mempcpy) redirected to 0x4c31da0 (mempcpy)
--31538-- Reading syms from /usr/lib/x86_64-linux-gnu/libstdc++.so.6.0.22
--31538--   Considering /usr/lib/x86_64-linux-gnu/libstdc++.so.6.0.22 ..
--31538--   .. CRC mismatch (computed 259115f6 wanted bfab2dd3)
--31538--    object doesn't have a symbol table
--31538-- Reading syms from /lib/x86_64-linux-gnu/libc-2.19.so
--31538--   Considering /lib/x86_64-linux-gnu/libc-2.19.so ..
--31538--   .. CRC mismatch (computed ac9b5ddb wanted a10d05bf)
--31538--   Considering /usr/lib/debug/lib/x86_64-linux-gnu/libc-2.19.so ..
--31538--   .. CRC is valid
--31538-- Reading syms from /lib/x86_64-linux-gnu/libm-2.19.so
--31538--   Considering /lib/x86_64-linux-gnu/libm-2.19.so ..
--31538--   .. CRC mismatch (computed 08659659 wanted 7ce1b39a)
--31538--   Considering /usr/lib/debug/lib/x86_64-linux-gnu/libm-2.19.so ..
--31538--   .. CRC is valid
--31538-- Reading syms from /lib/x86_64-linux-gnu/libgcc_s.so.1
--31538--   Considering /lib/x86_64-linux-gnu/libgcc_s.so.1 ..
--31538--   .. CRC mismatch (computed 6116126e wanted 54e3f1f2)
--31538--    object doesn't have a symbol table
--31538-- REDIR: 0x51d5c50 (strcasecmp) redirected to 0x4a25720 (_vgnU_ifunc_wrapper)
--31538-- REDIR: 0x51d7f40 (strncasecmp) redirected to 0x4a25720 (_vgnU_ifunc_wrapper)
--31538-- REDIR: 0x51d5420 (memcpy@GLIBC_2.2.5) redirected to 0x4a25720 (_vgnU_ifunc_wrapper)
--31538-- REDIR: 0x51d36b0 (rindex) redirected to 0x4c2da30 (rindex)
--31538-- REDIR: 0x51cb660 (malloc) redirected to 0x4c2ab10 (malloc)
--31538-- REDIR: 0x51d19b0 (strlen) redirected to 0x4c2e0e0 (strlen)
--31538-- REDIR: 0x51d4e90 (__GI_memcmp) redirected to 0x4c30b80 (__GI_memcmp)
--31538-- REDIR: 0x51cff60 (strcmp) redirected to 0x4a25720 (_vgnU_ifunc_wrapper)
--31538-- REDIR: 0x5288e00 (__strcmp_ssse3) redirected to 0x4c2f1b0 (strcmp)
--31538-- REDIR: 0x51d4e50 (bcmp) redirected to 0x4a25720 (_vgnU_ifunc_wrapper)
--31538-- REDIR: 0x52a8c60 (__memcmp_sse4_1) redirected to 0x4c30c00 (__memcmp_sse4_1)
--31538-- REDIR: 0x51cbd00 (free) redirected to 0x4c2bd80 (free)
==31538== 
==31538== HEAP SUMMARY:
==31538==     in use at exit: 72,704 bytes in 1 blocks
==31538==   total heap usage: 1 allocs, 0 frees, 72,704 bytes allocated
==31538== 
==31538== Searching for pointers to 1 not-freed blocks
==31538== Checked 131,400 bytes
==31538== 
==31538== 72,704 bytes in 1 blocks are still reachable in loss record 1 of 1
==31538==    at 0x4C2AB80: malloc (in /usr/lib/valgrind/vgpreload_memcheck-amd64-linux.so)
==31538==    by 0x4E9D62F: ??? (in /usr/lib/x86_64-linux-gnu/libstdc++.so.6.0.22)
==31538==    by 0x4010109: call_init.part.0 (dl-init.c:78)
==31538==    by 0x40101F2: _dl_init (dl-init.c:36)
==31538==    by 0x4001309: ??? (in /lib/x86_64-linux-gnu/ld-2.19.so)
==31538== 
==31538== LEAK SUMMARY:
==31538==    definitely lost: 0 bytes in 0 blocks
==31538==    indirectly lost: 0 bytes in 0 blocks
==31538==      possibly lost: 0 bytes in 0 blocks
==31538==    still reachable: 72,704 bytes in 1 blocks
==31538==         suppressed: 0 bytes in 0 blocks
==31538== 
==31538== ERROR SUMMARY: 0 errors from 0 contexts (suppressed: 0 from 0)
==31538== ERROR SUMMARY: 0 errors from 0 contexts (suppressed: 0 from 0)
